c:\users\user\desktop\github\cppgame\snake\snake\x64\debug\vc143.pdb
c:\users\user\desktop\github\cppgame\snake\snake\x64\debug\vc143.idb
c:\users\user\desktop\github\cppgame\snake\snake\x64\debug\main.obj
c:\users\user\desktop\github\cppgame\snake\snake\x64\debug\game.obj
c:\users\user\desktop\github\cppgame\snake\snake\x64\debug\food.obj
c:\users\user\desktop\github\cppgame\snake\snake\x64\debug\snake.obj
c:\users\user\desktop\github\cppgame\snake\snake\x64\debug\config.obj
c:\users\user\desktop\github\cppgame\snake\snake\x64\debug\point.obj
c:\users\user\desktop\github\cppgame\snake\x64\debug\snake.pdb
c:\users\user\desktop\github\cppgame\snake\snake\x64\debug\snake.tlog\cl.command.1.tlog
c:\users\user\desktop\github\cppgame\snake\snake\x64\debug\snake.tlog\cl.read.1.tlog
c:\users\user\desktop\github\cppgame\snake\snake\x64\debug\snake.tlog\cl.write.1.tlog
c:\users\user\desktop\github\cppgame\snake\snake\x64\debug\snake.tlog\link-cvtres.read.1.tlog
c:\users\user\desktop\github\cppgame\snake\snake\x64\debug\snake.tlog\link-cvtres.write.1.tlog
c:\users\user\desktop\github\cppgame\snake\snake\x64\debug\snake.tlog\link-rc.read.1.tlog
c:\users\user\desktop\github\cppgame\snake\snake\x64\debug\snake.tlog\link-rc.write.1.tlog
c:\users\user\desktop\github\cppgame\snake\snake\x64\debug\snake.tlog\link.43004-cvtres.read.1.tlog
c:\users\user\desktop\github\cppgame\snake\snake\x64\debug\snake.tlog\link.43004-cvtres.write.1.tlog
c:\users\user\desktop\github\cppgame\snake\snake\x64\debug\snake.tlog\link.43004-rc.read.1.tlog
c:\users\user\desktop\github\cppgame\snake\snake\x64\debug\snake.tlog\link.43004-rc.write.1.tlog
c:\users\user\desktop\github\cppgame\snake\snake\x64\debug\snake.tlog\link.43004.read.1.tlog
c:\users\user\desktop\github\cppgame\snake\snake\x64\debug\snake.tlog\link.43004.read.3.tlog
c:\users\user\desktop\github\cppgame\snake\snake\x64\debug\snake.tlog\link.43004.write.1.tlog
c:\users\user\desktop\github\cppgame\snake\snake\x64\debug\snake.tlog\link.command.1.tlog
c:\users\user\desktop\github\cppgame\snake\snake\x64\debug\snake.tlog\link.read.1.tlog
c:\users\user\desktop\github\cppgame\snake\snake\x64\debug\snake.tlog\link.read.2.tlog
c:\users\user\desktop\github\cppgame\snake\snake\x64\debug\snake.tlog\link.write.1.tlog
